<?xml version="1.0" encoding="UTF-8"?>
<!-- Generated by org.testng.reporters.JUnitReportReporter -->
<testsuite skipped="0" hostname="DESKTOP-NV2N5EQ" name="com.clearcode.testsuite.TestSuite1" tests="1" failures="0" timestamp="2020-06-24T16:35:12 IST" time="12.186" errors="0">
  <testcase name="CreateStudent" time="12.186" classname="com.clearcode.testsuite.TestSuite1"/>
</testsuite> <!-- com.clearcode.testsuite.TestSuite1 -->
